<?xml version="1.0" encoding="UTF-8"?>
<!-- Generated by org.testng.reporters.JUnitXMLReporter -->
<testsuite ignored="0" hostname="DESKTOP-5TH861C" failures="0" tests="4" name="Default test" time="74.594" errors="0" timestamp="2020-11-22T12:57:38 AEDT">
  <testcase classname="testcases.PlanetTestingTestScripts" name="firstTestCase" time="9.383"/>
  <testcase classname="testcases.PlanetTestingTestScripts" name="fourthTestCase" time="12.681"/>
  <testcase classname="testcases.PlanetTestingTestScripts" name="secondTestCase" time="9.646"/>
  <testcase classname="testcases.PlanetTestingTestScripts" name="thirdTestCase" time="5.038"/>
</testsuite> <!-- Default test -->
