<?xml version="1.0" encoding="UTF-8"?>
<testng-results ignored="0" total="4" passed="4" failed="0" skipped="0">
  <reporter-output>
  </reporter-output>
  <suite started-at="2020-11-22T12:56:23 AEDT" name="Default suite" finished-at="2020-11-22T12:57:38 AEDT" duration-ms="74594">
    <groups>
    </groups>
    <test started-at="2020-11-22T12:56:23 AEDT" name="Default test" finished-at="2020-11-22T12:57:38 AEDT" duration-ms="74594">
      <class name="testcases.PlanetTestingTestScripts">
        <test-method is-config="true" signature="navigateToURL()[pri:0, instance:testcases.PlanetTestingTestScripts@31f9b85e]" started-at="2020-11-22T12:56:23 AEDT" name="navigateToURL" finished-at="2020-11-22T12:56:34 AEDT" duration-ms="10576" status="PASS">
          <reporter-output>
          </reporter-output>
        </test-method> <!-- navigateToURL -->
        <test-method signature="firstTestCase()[pri:0, instance:testcases.PlanetTestingTestScripts@31f9b85e]" started-at="2020-11-22T12:56:34 AEDT" name="firstTestCase" finished-at="2020-11-22T12:56:43 AEDT" duration-ms="9383" status="PASS">
          <reporter-output>
          </reporter-output>
        </test-method> <!-- firstTestCase -->
        <test-method is-config="true" signature="afterMethod()[pri:0, instance:testcases.PlanetTestingTestScripts@31f9b85e]" started-at="2020-11-22T12:56:43 AEDT" name="afterMethod" finished-at="2020-11-22T12:56:44 AEDT" duration-ms="180" status="PASS">
          <reporter-output>
          </reporter-output>
        </test-method> <!-- afterMethod -->
        <test-method is-config="true" signature="navigateToURL()[pri:0, instance:testcases.PlanetTestingTestScripts@31f9b85e]" started-at="2020-11-22T12:56:44 AEDT" name="navigateToURL" finished-at="2020-11-22T12:56:52 AEDT" duration-ms="8745" status="PASS">
          <reporter-output>
          </reporter-output>
        </test-method> <!-- navigateToURL -->
        <test-method signature="fourthTestCase()[pri:0, instance:testcases.PlanetTestingTestScripts@31f9b85e]" started-at="2020-11-22T12:56:52 AEDT" name="fourthTestCase" finished-at="2020-11-22T12:57:05 AEDT" duration-ms="12681" status="PASS">
          <reporter-output>
          </reporter-output>
        </test-method> <!-- fourthTestCase -->
        <test-method is-config="true" signature="afterMethod()[pri:0, instance:testcases.PlanetTestingTestScripts@31f9b85e]" started-at="2020-11-22T12:57:05 AEDT" name="afterMethod" finished-at="2020-11-22T12:57:05 AEDT" duration-ms="148" status="PASS">
          <reporter-output>
          </reporter-output>
        </test-method> <!-- afterMethod -->
        <test-method is-config="true" signature="navigateToURL()[pri:0, instance:testcases.PlanetTestingTestScripts@31f9b85e]" started-at="2020-11-22T12:57:05 AEDT" name="navigateToURL" finished-at="2020-11-22T12:57:14 AEDT" duration-ms="9118" status="PASS">
          <reporter-output>
          </reporter-output>
        </test-method> <!-- navigateToURL -->
        <test-method signature="secondTestCase()[pri:0, instance:testcases.PlanetTestingTestScripts@31f9b85e]" started-at="2020-11-22T12:57:14 AEDT" name="secondTestCase" finished-at="2020-11-22T12:57:24 AEDT" duration-ms="9646" status="PASS">
          <reporter-output>
          </reporter-output>
        </test-method> <!-- secondTestCase -->
        <test-method is-config="true" signature="afterMethod()[pri:0, instance:testcases.PlanetTestingTestScripts@31f9b85e]" started-at="2020-11-22T12:57:24 AEDT" name="afterMethod" finished-at="2020-11-22T12:57:24 AEDT" duration-ms="115" status="PASS">
          <reporter-output>
          </reporter-output>
        </test-method> <!-- afterMethod -->
        <test-method is-config="true" signature="navigateToURL()[pri:0, instance:testcases.PlanetTestingTestScripts@31f9b85e]" started-at="2020-11-22T12:57:24 AEDT" name="navigateToURL" finished-at="2020-11-22T12:57:33 AEDT" duration-ms="8714" status="PASS">
          <reporter-output>
          </reporter-output>
        </test-method> <!-- navigateToURL -->
        <test-method signature="thirdTestCase()[pri:0, instance:testcases.PlanetTestingTestScripts@31f9b85e]" started-at="2020-11-22T12:57:33 AEDT" name="thirdTestCase" finished-at="2020-11-22T12:57:38 AEDT" duration-ms="5038" status="PASS">
          <reporter-output>
          </reporter-output>
        </test-method> <!-- thirdTestCase -->
        <test-method is-config="true" signature="afterMethod()[pri:0, instance:testcases.PlanetTestingTestScripts@31f9b85e]" started-at="2020-11-22T12:57:38 AEDT" name="afterMethod" finished-at="2020-11-22T12:57:38 AEDT" duration-ms="199" status="PASS">
          <reporter-output>
          </reporter-output>
        </test-method> <!-- afterMethod -->
      </class> <!-- testcases.PlanetTestingTestScripts -->
    </test> <!-- Default test -->
  </suite> <!-- Default suite -->
</testng-results>
